<?xml version="1.0" encoding="utf-8"?><testsuite errors="1" failures="7" name="pytest" skips="1" tests="88" time="0.360"><testcase classname="basics.python_test.Test_PythonHomePage" file="basics/python_test.py" line="23" name="test_search" time="0.0005941390991210938"><error message="test setup failure">cls = &lt;class &apos;python_test.Test_PythonHomePage&apos;&gt;

    @classmethod
    def setup_class(cls):
        &quot;&quot;&quot; setup any state specific to the execution of the given class (which
            usually contains tests).
            &quot;&quot;&quot;
&gt;       with open(&quot;config.yaml&quot;, &apos;r&apos;) as stream:
E       FileNotFoundError: [Errno 2] No such file or directory: &apos;config.yaml&apos;

basics/python_test.py:10: FileNotFoundError</error></testcase><testcase classname="fixtures.test_1" file="fixtures/test_1.py" line="8" name="test_fixture_contents" time="0.00080108642578125"></testcase><testcase classname="fixtures.test_1" file="fixtures/test_1.py" line="11" name="test_try_to_break_the_fixture_1" time="0.0006639957427978516"></testcase><testcase classname="fixtures.test_1" file="fixtures/test_1.py" line="14" name="test_try_to_break_the_fixture_2" time="0.0006437301635742188"></testcase><testcase classname="fixtures.test_1" file="fixtures/test_1.py" line="23" name="test_try_to_break_the_module_fixture_1" time="0.0006246566772460938"></testcase><testcase classname="fixtures.test_1" file="fixtures/test_1.py" line="26" name="test_try_to_break_the_module_fixture_2" time="0.0009353160858154297"><failure message="KeyError: &apos;flashing&apos;">i_also_set_things_up = {&apos;status&apos;: &apos;doing fine&apos;}

    def test_try_to_break_the_module_fixture_2(i_also_set_things_up):
&gt;       assert i_also_set_things_up[&apos;flashing&apos;] == &quot;dicts can&apos;t flash!&quot;
E       KeyError: &apos;flashing&apos;

fixtures/test_1.py:28: KeyError</failure></testcase><testcase classname="fixtures.test_2" file="fixtures/test_2.py" line="11" name="test_nothing" time="0.0008594989776611328"></testcase><testcase classname="fixtures.test_basic_1" file="fixtures/test_basic_1.py" line="15" name="test_function" time="0.0007641315460205078"><system-out>This is basic fixture
This is dummy test function
</system-out></testcase><testcase classname="fixtures.test_basics_0" file="fixtures/test_basics_0.py" line="6" name="test_my_fixture" time="0.0007276535034179688"><system-out>This is a fixture
I&apos;m the test
</system-out></testcase><testcase classname="fixtures.test_basics_1" file="fixtures/test_basics_1.py" line="6" name="test_foo" time="0.0008575916290283203"></testcase><testcase classname="fixtures.test_basics_1.TestBar" file="fixtures/test_basics_1.py" line="17" name="test_bar" time="0.001062154769897461"><system-out>Teardown of fixture bar
</system-out></testcase><testcase classname="fixtures.test_basics_1_1" file="fixtures/test_basics_1_1.py" line="19" name="test_bar" time="0.000985860824584961"><system-out>setup foo
inside bar 
Teardown of fixture bar
Teardown of fixture foo
</system-out></testcase><testcase classname="fixtures.test_basics_1_1" file="fixtures/test_basics_1_1.py" line="23" name="test_foo" time="0.0007450580596923828"><system-out>setup foo
Teardown of fixture foo
</system-out></testcase><testcase classname="fixtures.test_basics_2" file="fixtures/test_basics_2.py" line="6" name="test_foo" time="0.0006680488586425781"></testcase><testcase classname="fixtures.test_basics_2.TestBar" file="fixtures/test_basics_2.py" line="21" name="test_bar" time="0.002022266387939453"><system-out>[&apos;__class__&apos;, &apos;__delattr__&apos;, &apos;__dict__&apos;, &apos;__dir__&apos;, &apos;__doc__&apos;, &apos;__eq__&apos;, &apos;__format__&apos;, &apos;__ge__&apos;, &apos;__getattribute__&apos;, &apos;__gt__&apos;, &apos;__hash__&apos;, &apos;__init__&apos;, &apos;__init_subclass__&apos;, &apos;__le__&apos;, &apos;__lt__&apos;, &apos;__module__&apos;, &apos;__ne__&apos;, &apos;__new__&apos;, &apos;__reduce__&apos;, &apos;__reduce_ex__&apos;, &apos;__repr__&apos;, &apos;__setattr__&apos;, &apos;__sizeof__&apos;, &apos;__str__&apos;, &apos;__subclasshook__&apos;, &apos;__weakref__&apos;, &apos;_addfinalizer&apos;, &apos;_arg2fixturedefs&apos;, &apos;_arg2index&apos;, &apos;_check_scope&apos;, &apos;_compute_fixture_value&apos;, &apos;_factorytraceback&apos;, &apos;_fillfixtures&apos;, &apos;_fixture_defs&apos;, &apos;_fixturedef&apos;, &apos;_fixturemanager&apos;, &apos;_get_active_fixturedef&apos;, &apos;_get_fixturestack&apos;, &apos;_getnextfixturedef&apos;, &apos;_getscopeitem&apos;, &apos;_parent_request&apos;, &apos;_pyfuncitem&apos;, &apos;addfinalizer&apos;, &apos;applymarker&apos;, &apos;cached_setup&apos;, &apos;cls&apos;, &apos;config&apos;, &apos;fixturename&apos;, &apos;fixturenames&apos;, &apos;fspath&apos;, &apos;funcargnames&apos;, &apos;function&apos;, &apos;getfixturevalue&apos;, &apos;getfuncargvalue&apos;, &apos;instance&apos;, &apos;keywords&apos;, &apos;module&apos;, &apos;node&apos;, &apos;param_index&apos;, &apos;raiseerror&apos;, &apos;scope&apos;, &apos;session&apos;]
[&apos;foo&apos;, &apos;bar&apos;, &apos;request&apos;]
Teardown of fixture bar
</system-out></testcase><testcase classname="fixtures.test_mark_1" file="fixtures/test_mark_1.py" line="18" name="test_nothing" time="0.0007166862487792969"></testcase><testcase classname="fixtures.test_mark_1" file="fixtures/test_mark_1.py" line="23" name="test_really_nothing" time="0.0006771087646484375"></testcase><testcase classname="fixtures.test_mark_1" file="fixtures/test_mark_1.py" line="27" name="test_really_really_nothing" time="0.0006740093231201172"></testcase><testcase classname="fixtures.test_mark_2" file="fixtures/test_mark_2.py" line="17" name="test_nothing" time="0.0007009506225585938"></testcase><testcase classname="fixtures.test_mark_2" file="fixtures/test_mark_2.py" line="23" name="test_really_nothing" time="0.0006718635559082031"></testcase><testcase classname="fixtures.test_mark_2" file="fixtures/test_mark_2.py" line="27" name="test_really_really_nothing" time="0.0008275508880615234"></testcase><testcase classname="fixtures.test_pyfixture_1" file="fixtures/test_pyfixture_1.py" line="2" name="test_eval[3+5-8]" time="0.0011150836944580078"></testcase><testcase classname="fixtures.test_pyfixture_1" file="fixtures/test_pyfixture_1.py" line="2" name="test_eval[2+4-6]" time="0.0008268356323242188"></testcase><testcase classname="fixtures.test_pyfixture_1" file="fixtures/test_pyfixture_1.py" line="2" name="test_eval[6*9-42]" time="0.001155853271484375"><failure message="AssertionError: assert 54 == 42
 +  where 54 = eval(&apos;6*9&apos;)">test_input = &apos;6*9&apos;, expected = 42

    @pytest.mark.parametrize(&quot;test_input,expected&quot;, [
        (&quot;3+5&quot;, 8),
        (&quot;2+4&quot;, 6),
        (&quot;6*9&quot;, 42),
    ])
    def test_eval(test_input, expected):
&gt;       assert eval(test_input) == expected
E       AssertionError: assert 54 == 42
E        +  where 54 = eval(&apos;6*9&apos;)

fixtures/test_pyfixture_1.py:9: AssertionError</failure></testcase><testcase classname="fixtures.test_pyfixture_2.TestIt" file="fixtures/test_pyfixture_2.py" line="23" name="test_tc1[tester0]" time="0.0009024143218994141"><system-out>(&apos;args&apos;, [&apos;var0&apos;, &apos;var1&apos;])
</system-out></testcase><testcase classname="fixtures.test_pyfixture_2.TestIt" file="fixtures/test_pyfixture_2.py" line="23" name="test_tc1[tester1]" time="0.0008711814880371094"><system-out>(&apos;args&apos;, [&apos;var0&apos;, &apos;var1&apos;])
</system-out></testcase><testcase classname="fixtures.test_pyfixture_3.TestIt" file="fixtures/test_pyfixture_3.py" line="29" name="test_tc1[tester0]" time="0.0012574195861816406"></testcase><testcase classname="fixtures.test_pyfixture_3.TestIt" file="fixtures/test_pyfixture_3.py" line="29" name="test_tc1[tester1]" time="0.0011446475982666016"></testcase><testcase classname="fixtures.test_pyfixture_parameter_1" file="fixtures/test_pyfixture_parameter_1.py" line="17" name="test_become_a_programmer[requests-person0]" time="0.0008156299591064453"></testcase><testcase classname="fixtures.test_pyfixture_parameter_1" file="fixtures/test_pyfixture_parameter_1.py" line="17" name="test_become_a_programmer[requests-person1]" time="0.0007624626159667969"></testcase><testcase classname="fixtures.test_pyfixture_parameter_1" file="fixtures/test_pyfixture_parameter_1.py" line="17" name="test_become_a_programmer[requests-person2]" time="0.0007622241973876953"></testcase><testcase classname="fixtures.test_pyfixture_parameter_1" file="fixtures/test_pyfixture_parameter_1.py" line="17" name="test_become_a_programmer[requests-person3]" time="0.0007600784301757812"></testcase><testcase classname="fixtures.test_pyfixture_parameter_1" file="fixtures/test_pyfixture_parameter_1.py" line="17" name="test_become_a_programmer[requests-person4]" time="0.0007774829864501953"></testcase><testcase classname="fixtures.test_pyfixture_parameter_1" file="fixtures/test_pyfixture_parameter_1.py" line="17" name="test_become_a_programmer[django-person0]" time="0.0008256435394287109"></testcase><testcase classname="fixtures.test_pyfixture_parameter_1" file="fixtures/test_pyfixture_parameter_1.py" line="17" name="test_become_a_programmer[django-person1]" time="0.000762939453125"></testcase><testcase classname="fixtures.test_pyfixture_parameter_1" file="fixtures/test_pyfixture_parameter_1.py" line="17" name="test_become_a_programmer[django-person2]" time="0.0011184215545654297"></testcase><testcase classname="fixtures.test_pyfixture_parameter_1" file="fixtures/test_pyfixture_parameter_1.py" line="17" name="test_become_a_programmer[django-person3]" time="0.0013697147369384766"></testcase><testcase classname="fixtures.test_pyfixture_parameter_1" file="fixtures/test_pyfixture_parameter_1.py" line="17" name="test_become_a_programmer[django-person4]" time="0.0008797645568847656"></testcase><testcase classname="fixtures.test_pyfixture_parameter_1" file="fixtures/test_pyfixture_parameter_1.py" line="17" name="test_become_a_programmer[pytest-person0]" time="0.0007915496826171875"></testcase><testcase classname="fixtures.test_pyfixture_parameter_1" file="fixtures/test_pyfixture_parameter_1.py" line="17" name="test_become_a_programmer[pytest-person1]" time="0.0010542869567871094"></testcase><testcase classname="fixtures.test_pyfixture_parameter_1" file="fixtures/test_pyfixture_parameter_1.py" line="17" name="test_become_a_programmer[pytest-person2]" time="0.0008220672607421875"></testcase><testcase classname="fixtures.test_pyfixture_parameter_1" file="fixtures/test_pyfixture_parameter_1.py" line="17" name="test_become_a_programmer[pytest-person3]" time="0.0008411407470703125"></testcase><testcase classname="fixtures.test_pyfixture_parameter_1" file="fixtures/test_pyfixture_parameter_1.py" line="17" name="test_become_a_programmer[pytest-person4]" time="0.0007832050323486328"></testcase><testcase classname="fixtures.test_pyfixture_parameter_1" file="fixtures/test_pyfixture_parameter_1.py" line="26" name="test_is_open_source[requests]" time="0.0007081031799316406"></testcase><testcase classname="fixtures.test_pyfixture_parameter_1" file="fixtures/test_pyfixture_parameter_1.py" line="26" name="test_is_open_source[django]" time="0.0006868839263916016"></testcase><testcase classname="fixtures.test_pyfixture_parameter_1" file="fixtures/test_pyfixture_parameter_1.py" line="26" name="test_is_open_source[pytest]" time="0.0006818771362304688"></testcase><testcase classname="fixtures.test_pyfixture_parameter_1_1" file="fixtures/test_pyfixture_parameter_1_1.py" line="17" name="test_become_a_programmer[requests-person0]" time="0.000850677490234375"></testcase><testcase classname="fixtures.test_pyfixture_parameter_1_1" file="fixtures/test_pyfixture_parameter_1_1.py" line="17" name="test_become_a_programmer[requests-person1]" time="0.0007672309875488281"></testcase><testcase classname="fixtures.test_pyfixture_parameter_1_1" file="fixtures/test_pyfixture_parameter_1_1.py" line="17" name="test_become_a_programmer[requests-person2]" time="0.0007634162902832031"></testcase><testcase classname="fixtures.test_pyfixture_parameter_1_1" file="fixtures/test_pyfixture_parameter_1_1.py" line="17" name="test_become_a_programmer[requests-person3]" time="0.0007772445678710938"></testcase><testcase classname="fixtures.test_pyfixture_parameter_1_1" file="fixtures/test_pyfixture_parameter_1_1.py" line="17" name="test_become_a_programmer[requests-person4]" time="0.0007646083831787109"></testcase><testcase classname="fixtures.test_pyfixture_parameter_1_1" file="fixtures/test_pyfixture_parameter_1_1.py" line="17" name="test_become_a_programmer[django-person0]" time="0.0007627010345458984"></testcase><testcase classname="fixtures.test_pyfixture_parameter_1_1" file="fixtures/test_pyfixture_parameter_1_1.py" line="17" name="test_become_a_programmer[django-person1]" time="0.0007612705230712891"></testcase><testcase classname="fixtures.test_pyfixture_parameter_1_1" file="fixtures/test_pyfixture_parameter_1_1.py" line="17" name="test_become_a_programmer[django-person2]" time="0.0010747909545898438"></testcase><testcase classname="fixtures.test_pyfixture_parameter_1_1" file="fixtures/test_pyfixture_parameter_1_1.py" line="17" name="test_become_a_programmer[django-person3]" time="0.0013437271118164062"></testcase><testcase classname="fixtures.test_pyfixture_parameter_1_1" file="fixtures/test_pyfixture_parameter_1_1.py" line="17" name="test_become_a_programmer[django-person4]" time="0.0008976459503173828"></testcase><testcase classname="fixtures.test_pyfixture_parameter_1_1" file="fixtures/test_pyfixture_parameter_1_1.py" line="17" name="test_become_a_programmer[pytest-person0]" time="0.0008053779602050781"></testcase><testcase classname="fixtures.test_pyfixture_parameter_1_1" file="fixtures/test_pyfixture_parameter_1_1.py" line="17" name="test_become_a_programmer[pytest-person1]" time="0.0007958412170410156"></testcase><testcase classname="fixtures.test_pyfixture_parameter_1_1" file="fixtures/test_pyfixture_parameter_1_1.py" line="17" name="test_become_a_programmer[pytest-person2]" time="0.0007998943328857422"></testcase><testcase classname="fixtures.test_pyfixture_parameter_1_1" file="fixtures/test_pyfixture_parameter_1_1.py" line="17" name="test_become_a_programmer[pytest-person3]" time="0.0008296966552734375"></testcase><testcase classname="fixtures.test_pyfixture_parameter_1_1" file="fixtures/test_pyfixture_parameter_1_1.py" line="17" name="test_become_a_programmer[pytest-person4]" time="0.0008738040924072266"></testcase><testcase classname="fixtures.test_pyfixture_parameter_1_1" file="fixtures/test_pyfixture_parameter_1_1.py" line="26" name="test_is_open_source[requests]" time="0.0007054805755615234"></testcase><testcase classname="fixtures.test_pyfixture_parameter_1_1" file="fixtures/test_pyfixture_parameter_1_1.py" line="26" name="test_is_open_source[django]" time="0.0006871223449707031"></testcase><testcase classname="fixtures.test_pyfixture_parameter_1_1" file="fixtures/test_pyfixture_parameter_1_1.py" line="26" name="test_is_open_source[pytest]" time="0.0006940364837646484"></testcase><testcase classname="fixtures.test_pyfixture_parameter_2" file="fixtures/test_pyfixture_parameter_2.py" line="21" name="test_become_a_programmer[requests-person0]" time="0.0008530616760253906"><system-out>Audrey requests
</system-out></testcase><testcase classname="fixtures.test_pyfixture_parameter_2" file="fixtures/test_pyfixture_parameter_2.py" line="21" name="test_become_a_programmer[requests-person1]" time="0.0008008480072021484"><system-out>Brianna requests
</system-out></testcase><testcase classname="fixtures.test_pyfixture_parameter_2" file="fixtures/test_pyfixture_parameter_2.py" line="21" name="test_become_a_programmer[requests-person2]" time="0.0008068084716796875"><system-out>Daniel requests
</system-out></testcase><testcase classname="fixtures.test_pyfixture_parameter_2" file="fixtures/test_pyfixture_parameter_2.py" line="21" name="test_become_a_programmer[requests-person3]" time="0.0007979869842529297"><system-out>Ola requests
</system-out></testcase><testcase classname="fixtures.test_pyfixture_parameter_2" file="fixtures/test_pyfixture_parameter_2.py" line="21" name="test_become_a_programmer[requests-person4]" time="0.0007922649383544922"><system-out>Kenneth requests
</system-out></testcase><testcase classname="fixtures.test_pyfixture_parameter_2" file="fixtures/test_pyfixture_parameter_2.py" line="21" name="test_become_a_programmer[django-person0]" time="0.000789642333984375"><system-out>Audrey django
</system-out></testcase><testcase classname="fixtures.test_pyfixture_parameter_2" file="fixtures/test_pyfixture_parameter_2.py" line="21" name="test_become_a_programmer[django-person1]" time="0.0009794235229492188"><system-out>Brianna django
</system-out></testcase><testcase classname="fixtures.test_pyfixture_parameter_2" file="fixtures/test_pyfixture_parameter_2.py" line="21" name="test_become_a_programmer[django-person2]" time="0.0011444091796875"><system-out>Daniel django
</system-out></testcase><testcase classname="fixtures.test_pyfixture_parameter_2" file="fixtures/test_pyfixture_parameter_2.py" line="21" name="test_become_a_programmer[django-person3]" time="0.0014467239379882812"><system-out>Ola django
</system-out></testcase><testcase classname="fixtures.test_pyfixture_parameter_2" file="fixtures/test_pyfixture_parameter_2.py" line="21" name="test_become_a_programmer[django-person4]" time="0.0009167194366455078"><system-out>Kenneth django
</system-out></testcase><testcase classname="fixtures.test_pyfixture_parameter_2" file="fixtures/test_pyfixture_parameter_2.py" line="21" name="test_become_a_programmer[pytest-person0]" time="0.0008270740509033203"><system-out>Audrey pytest
</system-out></testcase><testcase classname="fixtures.test_pyfixture_parameter_2" file="fixtures/test_pyfixture_parameter_2.py" line="21" name="test_become_a_programmer[pytest-person1]" time="0.0008699893951416016"><system-out>Brianna pytest
</system-out></testcase><testcase classname="fixtures.test_pyfixture_parameter_2" file="fixtures/test_pyfixture_parameter_2.py" line="21" name="test_become_a_programmer[pytest-person2]" time="0.0009005069732666016"><system-out>Daniel pytest
</system-out></testcase><testcase classname="fixtures.test_pyfixture_parameter_2" file="fixtures/test_pyfixture_parameter_2.py" line="21" name="test_become_a_programmer[pytest-person3]" time="0.0008459091186523438"><system-out>Ola pytest
</system-out></testcase><testcase classname="fixtures.test_pyfixture_parameter_2" file="fixtures/test_pyfixture_parameter_2.py" line="21" name="test_become_a_programmer[pytest-person4]" time="0.0008282661437988281"><system-out>Kenneth pytest
</system-out></testcase><testcase classname="fixtures.test_pyfixture_parameter_2" file="fixtures/test_pyfixture_parameter_2.py" line="31" name="test_is_open_source[requests]" time="0.0007033348083496094"><system-out>requests
</system-out></testcase><testcase classname="fixtures.test_pyfixture_parameter_2" file="fixtures/test_pyfixture_parameter_2.py" line="31" name="test_is_open_source[django]" time="0.0007035732269287109"><system-out>django
</system-out></testcase><testcase classname="fixtures.test_pyfixture_parameter_2" file="fixtures/test_pyfixture_parameter_2.py" line="31" name="test_is_open_source[pytest]" time="0.0007126331329345703"><system-out>pytest
</system-out></testcase><testcase classname="fixtures.test_scope_1.MyTest" file="fixtures/test_scope_1.py" line="31" name="test_method1" time="0.0009171962738037109"><failure message="AssertionError: &lt;test_scope_1.db_class.&lt;locals&gt;.DummyDB object at 0x7f520ede76a0&gt;
assert 0">self = &lt;test_scope_1.MyTest testMethod=test_method1&gt;

    def test_method1(self):
        assert hasattr(self, &quot;db&quot;)
&gt;       assert 0, self.db   # fail for demo purposes
E       AssertionError: &lt;test_scope_1.db_class.&lt;locals&gt;.DummyDB object at 0x7f520ede76a0&gt;
E       assert 0

fixtures/test_scope_1.py:34: AssertionError</failure><system-out>Dummy DB Creation
</system-out></testcase><testcase classname="fixtures.test_scope_1.MyTest" file="fixtures/test_scope_1.py" line="35" name="test_method2" time="0.0007750988006591797"><failure message="AssertionError: &lt;test_scope_1.db_class.&lt;locals&gt;.DummyDB object at 0x7f520ede76a0&gt;
assert 0">self = &lt;test_scope_1.MyTest testMethod=test_method2&gt;

    def test_method2(self):
&gt;       assert 0, self.db   # fail for demo purposes
E       AssertionError: &lt;test_scope_1.db_class.&lt;locals&gt;.DummyDB object at 0x7f520ede76a0&gt;
E       assert 0

fixtures/test_scope_1.py:37: AssertionError</failure></testcase><testcase classname="fixtures.test_scope_function.MyTest" file="fixtures/test_scope_function.py" line="36" name="test_method1" time="0.0008924007415771484"><failure message="AssertionError: &lt;test_scope_function.db_class.&lt;locals&gt;.DummyDB object at 0x7f520edef160&gt;
assert 0">self = &lt;test_scope_function.MyTest testMethod=test_method1&gt;

    def test_method1(self):
        assert hasattr(self, &quot;db&quot;)
&gt;       assert 0, self.db   # fail for demo purposes
E       AssertionError: &lt;test_scope_function.db_class.&lt;locals&gt;.DummyDB object at 0x7f520edef160&gt;
E       assert 0

fixtures/test_scope_function.py:39: AssertionError</failure><system-out>Dummy DB Creation
</system-out></testcase><testcase classname="fixtures.test_scope_function.MyTest" file="fixtures/test_scope_function.py" line="40" name="test_method2" time="0.0009295940399169922"><skipped message="already Used once" type="pytest.skip">/home/mayank/code/mj/ebooks/python/lep/Section 2 - Advance Python/Chapter S2.08 - Automated Testing/code/pytest/fixtures/test_scope_function.py:26: &lt;py._xmlgen.raw object at 0x7f520edef978&gt;</skipped></testcase><testcase classname="my magic.test_5" file="my magic/test_5.py" line="9" name="test_foo[FOO-1-1]" time="0.0015130043029785156"><failure message="AttributeError: module &apos;allure&apos; has no attribute &apos;mark_with_issue&apos;">issue = &apos;FOO-1&apos;, test = 1

    @pytest.mark.parametrize(&apos;issue, test&apos;,
                             [(&apos;FOO-1&apos;, 1),
                              (&apos;FOO-2&apos;, -3)])
    def test_foo(issue, test):
&gt;       allure.mark_with_issue(issue)
E       AttributeError: module &apos;allure&apos; has no attribute &apos;mark_with_issue&apos;

my magic/test_5.py:14: AttributeError</failure></testcase><testcase classname="my magic.test_5" file="my magic/test_5.py" line="9" name="test_foo[FOO-2--3]" time="0.0010066032409667969"><failure message="AttributeError: module &apos;allure&apos; has no attribute &apos;mark_with_issue&apos;">issue = &apos;FOO-2&apos;, test = -3

    @pytest.mark.parametrize(&apos;issue, test&apos;,
                             [(&apos;FOO-1&apos;, 1),
                              (&apos;FOO-2&apos;, -3)])
    def test_foo(issue, test):
&gt;       allure.mark_with_issue(issue)
E       AttributeError: module &apos;allure&apos; has no attribute &apos;mark_with_issue&apos;

my magic/test_5.py:14: AttributeError</failure></testcase></testsuite>