<?xml version="1.0" encoding="utf-8"?><testsuite errors="1" failures="7" name="pytest" skips="1" tests="88" time="0.360"><testcase classname="basics.python_test.Test_PythonHomePage" file="basics/python_test.py" line="23" name="test_search" time="0.0006442070007324219"><error message="test setup failure">cls = &lt;class &apos;python_test.Test_PythonHomePage&apos;&gt;

    @classmethod
    def setup_class(cls):
        &quot;&quot;&quot; setup any state specific to the execution of the given class (which
            usually contains tests).
            &quot;&quot;&quot;
&gt;       with open(&quot;config.yaml&quot;, &apos;r&apos;) as stream:
E       FileNotFoundError: [Errno 2] No such file or directory: &apos;config.yaml&apos;

basics/python_test.py:10: FileNotFoundError</error></testcase><testcase classname="fixtures.test_1" file="fixtures/test_1.py" line="8" name="test_fixture_contents" time="0.0007619857788085938"></testcase><testcase classname="fixtures.test_1" file="fixtures/test_1.py" line="11" name="test_try_to_break_the_fixture_1" time="0.0006406307220458984"></testcase><testcase classname="fixtures.test_1" file="fixtures/test_1.py" line="14" name="test_try_to_break_the_fixture_2" time="0.0006303787231445312"></testcase><testcase classname="fixtures.test_1" file="fixtures/test_1.py" line="23" name="test_try_to_break_the_module_fixture_1" time="0.0006167888641357422"></testcase><testcase classname="fixtures.test_1" file="fixtures/test_1.py" line="26" name="test_try_to_break_the_module_fixture_2" time="0.00069427490234375"><failure message="KeyError: &apos;flashing&apos;">i_also_set_things_up = {&apos;status&apos;: &apos;doing fine&apos;}

    def test_try_to_break_the_module_fixture_2(i_also_set_things_up):
&gt;       assert i_also_set_things_up[&apos;flashing&apos;] == &quot;dicts can&apos;t flash!&quot;
E       KeyError: &apos;flashing&apos;

fixtures/test_1.py:28: KeyError</failure></testcase><testcase classname="fixtures.test_2" file="fixtures/test_2.py" line="11" name="test_nothing" time="0.000881195068359375"></testcase><testcase classname="fixtures.test_basic_1" file="fixtures/test_basic_1.py" line="15" name="test_function" time="0.0011453628540039062"><system-out>This is basic fixture
This is dummy test function
</system-out></testcase><testcase classname="fixtures.test_basics_0" file="fixtures/test_basics_0.py" line="6" name="test_my_fixture" time="0.0007719993591308594"><system-out>This is a fixture
I&apos;m the test
</system-out></testcase><testcase classname="fixtures.test_basics_1" file="fixtures/test_basics_1.py" line="6" name="test_foo" time="0.0006804466247558594"></testcase><testcase classname="fixtures.test_basics_1.TestBar" file="fixtures/test_basics_1.py" line="17" name="test_bar" time="0.0009891986846923828"><system-out>Teardown of fixture bar
</system-out></testcase><testcase classname="fixtures.test_basics_1_1" file="fixtures/test_basics_1_1.py" line="19" name="test_bar" time="0.0012001991271972656"><system-out>setup foo
inside bar 
Teardown of fixture bar
Teardown of fixture foo
</system-out></testcase><testcase classname="fixtures.test_basics_1_1" file="fixtures/test_basics_1_1.py" line="23" name="test_foo" time="0.0007886886596679688"><system-out>setup foo
Teardown of fixture foo
</system-out></testcase><testcase classname="fixtures.test_basics_2" file="fixtures/test_basics_2.py" line="6" name="test_foo" time="0.0006878376007080078"></testcase><testcase classname="fixtures.test_basics_2.TestBar" file="fixtures/test_basics_2.py" line="21" name="test_bar" time="0.0020644664764404297"><system-out>[&apos;__class__&apos;, &apos;__delattr__&apos;, &apos;__dict__&apos;, &apos;__dir__&apos;, &apos;__doc__&apos;, &apos;__eq__&apos;, &apos;__format__&apos;, &apos;__ge__&apos;, &apos;__getattribute__&apos;, &apos;__gt__&apos;, &apos;__hash__&apos;, &apos;__init__&apos;, &apos;__init_subclass__&apos;, &apos;__le__&apos;, &apos;__lt__&apos;, &apos;__module__&apos;, &apos;__ne__&apos;, &apos;__new__&apos;, &apos;__reduce__&apos;, &apos;__reduce_ex__&apos;, &apos;__repr__&apos;, &apos;__setattr__&apos;, &apos;__sizeof__&apos;, &apos;__str__&apos;, &apos;__subclasshook__&apos;, &apos;__weakref__&apos;, &apos;_addfinalizer&apos;, &apos;_arg2fixturedefs&apos;, &apos;_arg2index&apos;, &apos;_check_scope&apos;, &apos;_compute_fixture_value&apos;, &apos;_factorytraceback&apos;, &apos;_fillfixtures&apos;, &apos;_fixture_defs&apos;, &apos;_fixturedef&apos;, &apos;_fixturemanager&apos;, &apos;_get_active_fixturedef&apos;, &apos;_get_fixturestack&apos;, &apos;_getnextfixturedef&apos;, &apos;_getscopeitem&apos;, &apos;_parent_request&apos;, &apos;_pyfuncitem&apos;, &apos;addfinalizer&apos;, &apos;applymarker&apos;, &apos;cached_setup&apos;, &apos;cls&apos;, &apos;config&apos;, &apos;fixturename&apos;, &apos;fixturenames&apos;, &apos;fspath&apos;, &apos;funcargnames&apos;, &apos;function&apos;, &apos;getfixturevalue&apos;, &apos;getfuncargvalue&apos;, &apos;instance&apos;, &apos;keywords&apos;, &apos;module&apos;, &apos;node&apos;, &apos;param_index&apos;, &apos;raiseerror&apos;, &apos;scope&apos;, &apos;session&apos;]
[&apos;foo&apos;, &apos;bar&apos;, &apos;request&apos;]
Teardown of fixture bar
</system-out></testcase><testcase classname="fixtures.test_mark_1" file="fixtures/test_mark_1.py" line="18" name="test_nothing" time="0.0007288455963134766"></testcase><testcase classname="fixtures.test_mark_1" file="fixtures/test_mark_1.py" line="23" name="test_really_nothing" time="0.0006875991821289062"></testcase><testcase classname="fixtures.test_mark_1" file="fixtures/test_mark_1.py" line="27" name="test_really_really_nothing" time="0.0007271766662597656"></testcase><testcase classname="fixtures.test_mark_2" file="fixtures/test_mark_2.py" line="17" name="test_nothing" time="0.0007112026214599609"></testcase><testcase classname="fixtures.test_mark_2" file="fixtures/test_mark_2.py" line="23" name="test_really_nothing" time="0.0006780624389648438"></testcase><testcase classname="fixtures.test_mark_2" file="fixtures/test_mark_2.py" line="27" name="test_really_really_nothing" time="0.0006709098815917969"></testcase><testcase classname="fixtures.test_pyfixture_1" file="fixtures/test_pyfixture_1.py" line="2" name="test_eval[3+5-8]" time="0.0008571147918701172"></testcase><testcase classname="fixtures.test_pyfixture_1" file="fixtures/test_pyfixture_1.py" line="2" name="test_eval[2+4-6]" time="0.0008807182312011719"></testcase><testcase classname="fixtures.test_pyfixture_1" file="fixtures/test_pyfixture_1.py" line="2" name="test_eval[6*9-42]" time="0.001528024673461914"><failure message="AssertionError: assert 54 == 42
 +  where 54 = eval(&apos;6*9&apos;)">test_input = &apos;6*9&apos;, expected = 42

    @pytest.mark.parametrize(&quot;test_input,expected&quot;, [
        (&quot;3+5&quot;, 8),
        (&quot;2+4&quot;, 6),
        (&quot;6*9&quot;, 42),
    ])
    def test_eval(test_input, expected):
&gt;       assert eval(test_input) == expected
E       AssertionError: assert 54 == 42
E        +  where 54 = eval(&apos;6*9&apos;)

fixtures/test_pyfixture_1.py:9: AssertionError</failure></testcase><testcase classname="fixtures.test_pyfixture_2.TestIt" file="fixtures/test_pyfixture_2.py" line="23" name="test_tc1[tester0]" time="0.0008492469787597656"><system-out>(&apos;args&apos;, [&apos;var0&apos;, &apos;var1&apos;])
</system-out></testcase><testcase classname="fixtures.test_pyfixture_2.TestIt" file="fixtures/test_pyfixture_2.py" line="23" name="test_tc1[tester1]" time="0.0008227825164794922"><system-out>(&apos;args&apos;, [&apos;var0&apos;, &apos;var1&apos;])
</system-out></testcase><testcase classname="fixtures.test_pyfixture_3.TestIt" file="fixtures/test_pyfixture_3.py" line="29" name="test_tc1[tester0]" time="0.001375436782836914"></testcase><testcase classname="fixtures.test_pyfixture_3.TestIt" file="fixtures/test_pyfixture_3.py" line="29" name="test_tc1[tester1]" time="0.001153707504272461"></testcase><testcase classname="fixtures.test_pyfixture_parameter_1" file="fixtures/test_pyfixture_parameter_1.py" line="17" name="test_become_a_programmer[requests-person0]" time="0.0008134841918945312"></testcase><testcase classname="fixtures.test_pyfixture_parameter_1" file="fixtures/test_pyfixture_parameter_1.py" line="17" name="test_become_a_programmer[requests-person1]" time="0.0007917881011962891"></testcase><testcase classname="fixtures.test_pyfixture_parameter_1" file="fixtures/test_pyfixture_parameter_1.py" line="17" name="test_become_a_programmer[requests-person2]" time="0.0007815361022949219"></testcase><testcase classname="fixtures.test_pyfixture_parameter_1" file="fixtures/test_pyfixture_parameter_1.py" line="17" name="test_become_a_programmer[requests-person3]" time="0.0007703304290771484"></testcase><testcase classname="fixtures.test_pyfixture_parameter_1" file="fixtures/test_pyfixture_parameter_1.py" line="17" name="test_become_a_programmer[requests-person4]" time="0.0008130073547363281"></testcase><testcase classname="fixtures.test_pyfixture_parameter_1" file="fixtures/test_pyfixture_parameter_1.py" line="17" name="test_become_a_programmer[django-person0]" time="0.0007688999176025391"></testcase><testcase classname="fixtures.test_pyfixture_parameter_1" file="fixtures/test_pyfixture_parameter_1.py" line="17" name="test_become_a_programmer[django-person1]" time="0.0007724761962890625"></testcase><testcase classname="fixtures.test_pyfixture_parameter_1" file="fixtures/test_pyfixture_parameter_1.py" line="17" name="test_become_a_programmer[django-person2]" time="0.0007677078247070312"></testcase><testcase classname="fixtures.test_pyfixture_parameter_1" file="fixtures/test_pyfixture_parameter_1.py" line="17" name="test_become_a_programmer[django-person3]" time="0.0008394718170166016"></testcase><testcase classname="fixtures.test_pyfixture_parameter_1" file="fixtures/test_pyfixture_parameter_1.py" line="17" name="test_become_a_programmer[django-person4]" time="0.0011222362518310547"></testcase><testcase classname="fixtures.test_pyfixture_parameter_1" file="fixtures/test_pyfixture_parameter_1.py" line="17" name="test_become_a_programmer[pytest-person0]" time="0.0012507438659667969"></testcase><testcase classname="fixtures.test_pyfixture_parameter_1" file="fixtures/test_pyfixture_parameter_1.py" line="17" name="test_become_a_programmer[pytest-person1]" time="0.0014410018920898438"></testcase><testcase classname="fixtures.test_pyfixture_parameter_1" file="fixtures/test_pyfixture_parameter_1.py" line="17" name="test_become_a_programmer[pytest-person2]" time="0.0009205341339111328"></testcase><testcase classname="fixtures.test_pyfixture_parameter_1" file="fixtures/test_pyfixture_parameter_1.py" line="17" name="test_become_a_programmer[pytest-person3]" time="0.0008223056793212891"></testcase><testcase classname="fixtures.test_pyfixture_parameter_1" file="fixtures/test_pyfixture_parameter_1.py" line="17" name="test_become_a_programmer[pytest-person4]" time="0.0008459091186523438"></testcase><testcase classname="fixtures.test_pyfixture_parameter_1" file="fixtures/test_pyfixture_parameter_1.py" line="26" name="test_is_open_source[requests]" time="0.0006859302520751953"></testcase><testcase classname="fixtures.test_pyfixture_parameter_1" file="fixtures/test_pyfixture_parameter_1.py" line="26" name="test_is_open_source[django]" time="0.0006830692291259766"></testcase><testcase classname="fixtures.test_pyfixture_parameter_1" file="fixtures/test_pyfixture_parameter_1.py" line="26" name="test_is_open_source[pytest]" time="0.0006849765777587891"></testcase><testcase classname="fixtures.test_pyfixture_parameter_1_1" file="fixtures/test_pyfixture_parameter_1_1.py" line="17" name="test_become_a_programmer[requests-person0]" time="0.0008122920989990234"></testcase><testcase classname="fixtures.test_pyfixture_parameter_1_1" file="fixtures/test_pyfixture_parameter_1_1.py" line="17" name="test_become_a_programmer[requests-person1]" time="0.0007729530334472656"></testcase><testcase classname="fixtures.test_pyfixture_parameter_1_1" file="fixtures/test_pyfixture_parameter_1_1.py" line="17" name="test_become_a_programmer[requests-person2]" time="0.0007665157318115234"></testcase><testcase classname="fixtures.test_pyfixture_parameter_1_1" file="fixtures/test_pyfixture_parameter_1_1.py" line="17" name="test_become_a_programmer[requests-person3]" time="0.0007679462432861328"></testcase><testcase classname="fixtures.test_pyfixture_parameter_1_1" file="fixtures/test_pyfixture_parameter_1_1.py" line="17" name="test_become_a_programmer[requests-person4]" time="0.0007853507995605469"></testcase><testcase classname="fixtures.test_pyfixture_parameter_1_1" file="fixtures/test_pyfixture_parameter_1_1.py" line="17" name="test_become_a_programmer[django-person0]" time="0.0007672309875488281"></testcase><testcase classname="fixtures.test_pyfixture_parameter_1_1" file="fixtures/test_pyfixture_parameter_1_1.py" line="17" name="test_become_a_programmer[django-person1]" time="0.0007672309875488281"></testcase><testcase classname="fixtures.test_pyfixture_parameter_1_1" file="fixtures/test_pyfixture_parameter_1_1.py" line="17" name="test_become_a_programmer[django-person2]" time="0.0007669925689697266"></testcase><testcase classname="fixtures.test_pyfixture_parameter_1_1" file="fixtures/test_pyfixture_parameter_1_1.py" line="17" name="test_become_a_programmer[django-person3]" time="0.0007634162902832031"></testcase><testcase classname="fixtures.test_pyfixture_parameter_1_1" file="fixtures/test_pyfixture_parameter_1_1.py" line="17" name="test_become_a_programmer[django-person4]" time="0.0010371208190917969"></testcase><testcase classname="fixtures.test_pyfixture_parameter_1_1" file="fixtures/test_pyfixture_parameter_1_1.py" line="17" name="test_become_a_programmer[pytest-person0]" time="0.001238107681274414"></testcase><testcase classname="fixtures.test_pyfixture_parameter_1_1" file="fixtures/test_pyfixture_parameter_1_1.py" line="17" name="test_become_a_programmer[pytest-person1]" time="0.0010631084442138672"></testcase><testcase classname="fixtures.test_pyfixture_parameter_1_1" file="fixtures/test_pyfixture_parameter_1_1.py" line="17" name="test_become_a_programmer[pytest-person2]" time="0.0008156299591064453"></testcase><testcase classname="fixtures.test_pyfixture_parameter_1_1" file="fixtures/test_pyfixture_parameter_1_1.py" line="17" name="test_become_a_programmer[pytest-person3]" time="0.00078582763671875"></testcase><testcase classname="fixtures.test_pyfixture_parameter_1_1" file="fixtures/test_pyfixture_parameter_1_1.py" line="17" name="test_become_a_programmer[pytest-person4]" time="0.0007748603820800781"></testcase><testcase classname="fixtures.test_pyfixture_parameter_1_1" file="fixtures/test_pyfixture_parameter_1_1.py" line="26" name="test_is_open_source[requests]" time="0.0006754398345947266"></testcase><testcase classname="fixtures.test_pyfixture_parameter_1_1" file="fixtures/test_pyfixture_parameter_1_1.py" line="26" name="test_is_open_source[django]" time="0.0006856918334960938"></testcase><testcase classname="fixtures.test_pyfixture_parameter_1_1" file="fixtures/test_pyfixture_parameter_1_1.py" line="26" name="test_is_open_source[pytest]" time="0.0008785724639892578"></testcase><testcase classname="fixtures.test_pyfixture_parameter_2" file="fixtures/test_pyfixture_parameter_2.py" line="21" name="test_become_a_programmer[requests-person0]" time="0.0009412765502929688"><system-out>Audrey requests
</system-out></testcase><testcase classname="fixtures.test_pyfixture_parameter_2" file="fixtures/test_pyfixture_parameter_2.py" line="21" name="test_become_a_programmer[requests-person1]" time="0.0008380413055419922"><system-out>Brianna requests
</system-out></testcase><testcase classname="fixtures.test_pyfixture_parameter_2" file="fixtures/test_pyfixture_parameter_2.py" line="21" name="test_become_a_programmer[requests-person2]" time="0.0008144378662109375"><system-out>Daniel requests
</system-out></testcase><testcase classname="fixtures.test_pyfixture_parameter_2" file="fixtures/test_pyfixture_parameter_2.py" line="21" name="test_become_a_programmer[requests-person3]" time="0.0008089542388916016"><system-out>Ola requests
</system-out></testcase><testcase classname="fixtures.test_pyfixture_parameter_2" file="fixtures/test_pyfixture_parameter_2.py" line="21" name="test_become_a_programmer[requests-person4]" time="0.0008039474487304688"><system-out>Kenneth requests
</system-out></testcase><testcase classname="fixtures.test_pyfixture_parameter_2" file="fixtures/test_pyfixture_parameter_2.py" line="21" name="test_become_a_programmer[django-person0]" time="0.0007941722869873047"><system-out>Audrey django
</system-out></testcase><testcase classname="fixtures.test_pyfixture_parameter_2" file="fixtures/test_pyfixture_parameter_2.py" line="21" name="test_become_a_programmer[django-person1]" time="0.0010001659393310547"><system-out>Brianna django
</system-out></testcase><testcase classname="fixtures.test_pyfixture_parameter_2" file="fixtures/test_pyfixture_parameter_2.py" line="21" name="test_become_a_programmer[django-person2]" time="0.0007956027984619141"><system-out>Daniel django
</system-out></testcase><testcase classname="fixtures.test_pyfixture_parameter_2" file="fixtures/test_pyfixture_parameter_2.py" line="21" name="test_become_a_programmer[django-person3]" time="0.0007977485656738281"><system-out>Ola django
</system-out></testcase><testcase classname="fixtures.test_pyfixture_parameter_2" file="fixtures/test_pyfixture_parameter_2.py" line="21" name="test_become_a_programmer[django-person4]" time="0.0008478164672851562"><system-out>Kenneth django
</system-out></testcase><testcase classname="fixtures.test_pyfixture_parameter_2" file="fixtures/test_pyfixture_parameter_2.py" line="21" name="test_become_a_programmer[pytest-person0]" time="0.0009429454803466797"><system-out>Audrey pytest
</system-out></testcase><testcase classname="fixtures.test_pyfixture_parameter_2" file="fixtures/test_pyfixture_parameter_2.py" line="21" name="test_become_a_programmer[pytest-person1]" time="0.0009455680847167969"><system-out>Brianna pytest
</system-out></testcase><testcase classname="fixtures.test_pyfixture_parameter_2" file="fixtures/test_pyfixture_parameter_2.py" line="21" name="test_become_a_programmer[pytest-person2]" time="0.0008356571197509766"><system-out>Daniel pytest
</system-out></testcase><testcase classname="fixtures.test_pyfixture_parameter_2" file="fixtures/test_pyfixture_parameter_2.py" line="21" name="test_become_a_programmer[pytest-person3]" time="0.0008153915405273438"><system-out>Ola pytest
</system-out></testcase><testcase classname="fixtures.test_pyfixture_parameter_2" file="fixtures/test_pyfixture_parameter_2.py" line="21" name="test_become_a_programmer[pytest-person4]" time="0.0008075237274169922"><system-out>Kenneth pytest
</system-out></testcase><testcase classname="fixtures.test_pyfixture_parameter_2" file="fixtures/test_pyfixture_parameter_2.py" line="31" name="test_is_open_source[requests]" time="0.0007011890411376953"><system-out>requests
</system-out></testcase><testcase classname="fixtures.test_pyfixture_parameter_2" file="fixtures/test_pyfixture_parameter_2.py" line="31" name="test_is_open_source[django]" time="0.0007066726684570312"><system-out>django
</system-out></testcase><testcase classname="fixtures.test_pyfixture_parameter_2" file="fixtures/test_pyfixture_parameter_2.py" line="31" name="test_is_open_source[pytest]" time="0.0007538795471191406"><system-out>pytest
</system-out></testcase><testcase classname="fixtures.test_scope_1.MyTest" file="fixtures/test_scope_1.py" line="31" name="test_method1" time="0.0010077953338623047"><failure message="AssertionError: &lt;test_scope_1.db_class.&lt;locals&gt;.DummyDB object at 0x7f05795ab9b0&gt;
assert 0">self = &lt;test_scope_1.MyTest testMethod=test_method1&gt;

    def test_method1(self):
        assert hasattr(self, &quot;db&quot;)
&gt;       assert 0, self.db   # fail for demo purposes
E       AssertionError: &lt;test_scope_1.db_class.&lt;locals&gt;.DummyDB object at 0x7f05795ab9b0&gt;
E       assert 0

fixtures/test_scope_1.py:34: AssertionError</failure><system-out>Dummy DB Creation
</system-out></testcase><testcase classname="fixtures.test_scope_1.MyTest" file="fixtures/test_scope_1.py" line="35" name="test_method2" time="0.0008580684661865234"><failure message="AssertionError: &lt;test_scope_1.db_class.&lt;locals&gt;.DummyDB object at 0x7f05795ab9b0&gt;
assert 0">self = &lt;test_scope_1.MyTest testMethod=test_method2&gt;

    def test_method2(self):
&gt;       assert 0, self.db   # fail for demo purposes
E       AssertionError: &lt;test_scope_1.db_class.&lt;locals&gt;.DummyDB object at 0x7f05795ab9b0&gt;
E       assert 0

fixtures/test_scope_1.py:37: AssertionError</failure></testcase><testcase classname="fixtures.test_scope_function.MyTest" file="fixtures/test_scope_function.py" line="36" name="test_method1" time="0.0010137557983398438"><failure message="AssertionError: &lt;test_scope_function.db_class.&lt;locals&gt;.DummyDB object at 0x7f05795b5f98&gt;
assert 0">self = &lt;test_scope_function.MyTest testMethod=test_method1&gt;

    def test_method1(self):
        assert hasattr(self, &quot;db&quot;)
&gt;       assert 0, self.db   # fail for demo purposes
E       AssertionError: &lt;test_scope_function.db_class.&lt;locals&gt;.DummyDB object at 0x7f05795b5f98&gt;
E       assert 0

fixtures/test_scope_function.py:39: AssertionError</failure><system-out>Dummy DB Creation
</system-out></testcase><testcase classname="fixtures.test_scope_function.MyTest" file="fixtures/test_scope_function.py" line="40" name="test_method2" time="0.0006215572357177734"><skipped message="already Used once" type="pytest.skip">/home/mayank/code/mj/ebooks/python/lep/Section 2 - Advance Python/Chapter S2.08 - Automated Testing/code/pytest/fixtures/test_scope_function.py:26: &lt;py._xmlgen.raw object at 0x7f05795b5c88&gt;</skipped></testcase><testcase classname="my magic.test_5" file="my magic/test_5.py" line="9" name="test_foo[FOO-1-1]" time="0.0009641647338867188"><failure message="AttributeError: module &apos;allure&apos; has no attribute &apos;mark_with_issue&apos;">issue = &apos;FOO-1&apos;, test = 1

    @pytest.mark.parametrize(&apos;issue, test&apos;,
                             [(&apos;FOO-1&apos;, 1),
                              (&apos;FOO-2&apos;, -3)])
    def test_foo(issue, test):
&gt;       allure.mark_with_issue(issue)
E       AttributeError: module &apos;allure&apos; has no attribute &apos;mark_with_issue&apos;

my magic/test_5.py:14: AttributeError</failure></testcase><testcase classname="my magic.test_5" file="my magic/test_5.py" line="9" name="test_foo[FOO-2--3]" time="0.0012598037719726562"><failure message="AttributeError: module &apos;allure&apos; has no attribute &apos;mark_with_issue&apos;">issue = &apos;FOO-2&apos;, test = -3

    @pytest.mark.parametrize(&apos;issue, test&apos;,
                             [(&apos;FOO-1&apos;, 1),
                              (&apos;FOO-2&apos;, -3)])
    def test_foo(issue, test):
&gt;       allure.mark_with_issue(issue)
E       AttributeError: module &apos;allure&apos; has no attribute &apos;mark_with_issue&apos;

my magic/test_5.py:14: AttributeError</failure></testcase></testsuite>